<?xml version="1.0" encoding="UTF-8"?>
<!-- Generated by org.testng.reporters.JUnitXMLReporter -->
<testsuite hostname="User" ignored="0" name="Default test" tests="1" failures="0" timestamp="2020-09-22T18:34:08 IST" time="0.227" errors="0">
  <testcase name="@BeforeClass browserOpen" time="-1.600779848664E9" classname="mudule.test.login.KiteLoginTest">
    <failure type="org.testng.TestNGException" message="
Parameter &amp;apos;browser&amp;apos; is required by BeforeClass on method browserOpen but has not been marked @Optional or defined
in C:\Users\User-pc\AppData\Local\Temp\testng-eclipse-727143005\testng-customsuite.xml">
      <![CDATA[org.testng.TestNGException: 
Parameter 'browser' is required by BeforeClass on method browserOpen but has not been marked @Optional or defined
in C:\Users\User-pc\AppData\Local\Temp\testng-eclipse-727143005\testng-customsuite.xml
at org.testng.internal.Parameters.createParams(Parameters.java:268)
at org.testng.internal.Parameters.createParametersForMethod(Parameters.java:356)
at org.testng.internal.Parameters.createParameters(Parameters.java:700)
at org.testng.internal.Parameters.createConfigurationParameters(Parameters.java:166)
at org.testng.internal.ConfigInvoker.invokeConfigurations(ConfigInvoker.java:301)
at org.testng.internal.TestMethodWorker.invokeBeforeClassMethods(TestMethodWorker.java:176)
at org.testng.internal.TestMethodWorker.run(TestMethodWorker.java:122)
at java.util.ArrayList.forEach(Unknown Source)
at org.testng.TestRunner.privateRun(TestRunner.java:764)
at org.testng.TestRunner.run(TestRunner.java:585)
at org.testng.SuiteRunner.runTest(SuiteRunner.java:384)
at org.testng.SuiteRunner.runSequentially(SuiteRunner.java:378)
at org.testng.SuiteRunner.privateRun(SuiteRunner.java:337)
at org.testng.SuiteRunner.run(SuiteRunner.java:286)
at org.testng.SuiteRunnerWorker.runSuite(SuiteRunnerWorker.java:53)
at org.testng.SuiteRunnerWorker.run(SuiteRunnerWorker.java:96)
at org.testng.TestNG.runSuitesSequentially(TestNG.java:1218)
at org.testng.TestNG.runSuitesLocally(TestNG.java:1140)
at org.testng.TestNG.runSuites(TestNG.java:1069)
at org.testng.TestNG.run(TestNG.java:1037)
at org.testng.remote.AbstractRemoteTestNG.run(AbstractRemoteTestNG.java:115)
at org.testng.remote.RemoteTestNG.initAndRun(RemoteTestNG.java:251)
at org.testng.remote.RemoteTestNG.main(RemoteTestNG.java:77)
]]>
    </failure>
  </testcase> <!-- @BeforeClass browserOpen -->
  <testcase name="@BeforeMethod loginKite" time="-1.600779848751E9" classname="mudule.test.login.KiteLoginTest">
    <skipped/>
  </testcase> <!-- @BeforeMethod loginKite -->
  <testcase name="@AfterMethod logOutKite" time="-1.600779848795E9" classname="mudule.test.login.KiteLoginTest">
    <skipped/>
  </testcase> <!-- @AfterMethod logOutKite -->
  <testcase name="@AfterClass closeBrowser" time="-1.600779848814E9" classname="mudule.test.login.KiteLoginTest">
    <skipped/>
  </testcase> <!-- @AfterClass closeBrowser -->
  <testcase name="verifyProfileName" time="0.0" classname="mudule.test.login.KiteLoginTest">
    <skipped/>
  </testcase> <!-- verifyProfileName -->
</testsuite> <!-- Default test -->
