<?xml version="1.0" encoding="UTF-8"?>
<!-- Generated by org.testng.reporters.JUnitXMLReporter -->
<testsuite hostname="User" ignored="0" name="Chrome" tests="1" failures="1" timestamp="2020-09-24T23:20:00 IST" time="34.843" errors="0">
  <testcase name="verifyProfileName" time="11.878" classname="mudule.test.login.KiteLoginTest">
    <failure type="java.lang.AssertionError" message="expected [KV1] but found [KV]">
      <![CDATA[java.lang.AssertionError: expected [KV1] but found [KV]
at mudule.test.login.KiteLoginTest.verifyProfileName(KiteLoginTest.java:55)
at java.util.ArrayList.forEach(ArrayList.java:1257)
... Removed 33 stack frames]]>
    </failure>
  </testcase> <!-- verifyProfileName -->
</testsuite> <!-- Chrome -->
