<?xml version="1.0" encoding="UTF-8"?>
<!-- Generated by org.testng.reporters.JUnitXMLReporter -->
<testsuite hostname="User" ignored="0" name="Command line test" tests="1" failures="0" timestamp="2020-09-23T19:26:00 IST" time="0.202" errors="0">
  <testcase name="@BeforeClass browserOpen" time="-1.600869359824E9" classname="mudule.test.login.KiteLoginTest">
    <failure type="org.testng.TestNGException" message="
Parameter &amp;apos;browser&amp;apos; is required by BeforeClass on method browserOpen but has not been marked @Optional or defined
">
      <![CDATA[org.testng.TestNGException: 
Parameter 'browser' is required by BeforeClass on method browserOpen but has not been marked @Optional or defined

at java.util.ArrayList.forEach(ArrayList.java:1257)
... Removed 31 stack frames]]>
    </failure>
  </testcase> <!-- @BeforeClass browserOpen -->
  <testcase name="@BeforeMethod loginKite" time="-1.600869359929E9" classname="mudule.test.login.KiteLoginTest">
    <skipped/>
  </testcase> <!-- @BeforeMethod loginKite -->
  <testcase name="@AfterMethod logOutKite" time="-1.600869359944E9" classname="mudule.test.login.KiteLoginTest">
    <skipped/>
  </testcase> <!-- @AfterMethod logOutKite -->
  <testcase name="@AfterClass closeBrowser" time="-1.600869359951E9" classname="mudule.test.login.KiteLoginTest">
    <skipped/>
  </testcase> <!-- @AfterClass closeBrowser -->
  <testcase name="verifyProfileName" time="0.0" classname="mudule.test.login.KiteLoginTest">
    <skipped/>
  </testcase> <!-- verifyProfileName -->
</testsuite> <!-- Command line test -->
